#
# There is insufficient memory for the Java Runtime Environment to continue.
# Native memory allocation (malloc) failed to allocate 129856 bytes for Chunk::new
# Possible reasons:
#   The system is out of physical RAM or swap space
#   In 32 bit mode, the process size limit was hit
# Possible solutions:
#   Reduce memory load on the system
#   Increase physical memory or swap space
#   Check if swap backing store is full
#   Use 64 bit Java on a 64 bit OS
#   Decrease Java heap size (-Xmx/-Xms)
#   Decrease number of Java threads
#   Decrease Java thread stack sizes (-Xss)
#   Set larger code cache with -XX:ReservedCodeCacheSize=
# This output file may be truncated or incomplete.
#
#  Out of Memory Error (allocation.cpp:323), pid=3032, tid=5856
#
# JRE version: Java(TM) SE Runtime Environment (7.0_79-b15) (build 1.7.0_79-b15)
# Java VM: Java HotSpot(TM) 64-Bit Server VM (24.79-b02 mixed mode windows-amd64 compressed oops)
# Failed to write core dump. Minidumps are not enabled by default on client versions of Windows
#

---------------  T H R E A D  ---------------

Current thread (0x000000000569a800):  JavaThread "C2 CompilerThread1" daemon [_thread_in_native, id=5856, stack(0x0000000005fb0000,0x00000000060b0000)]

Stack: [0x0000000005fb0000,0x00000000060b0000]
[error occurred during error reporting (printing stack bounds), id 0xc0000005]


[error occurred during error reporting (printing native stack), id 0xc0000005]


Current CompileTask:
C2:   2622   12             java.lang.String::toLowerCase (439 bytes)


---------------  P R O C E S S  ---------------

Java Threads: ( => current thread )
  0x0000000001d0d800 JavaThread "DestroyJavaVM" [_thread_blocked, id=7128, stack(0x0000000002380000,0x0000000002480000)]
  0x0000000006545000 JavaThread "AWT-EventQueue-0" [_thread_in_Java, id=5180, stack(0x0000000007b10000,0x0000000007c10000)]
  0x0000000005763000 JavaThread "AWT-Windows" daemon [_thread_in_native, id=4384, stack(0x0000000006c20000,0x0000000006d20000)]
  0x0000000005762800 JavaThread "AWT-Shutdown" [_thread_blocked, id=5736, stack(0x0000000006a70000,0x0000000006b70000)]
  0x0000000006530800 JavaThread "Java2D Disposer" daemon [_thread_blocked, id=4356, stack(0x0000000006910000,0x0000000006a10000)]
  0x000000000569c800 JavaThread "Service Thread" daemon [_thread_blocked, id=6836, stack(0x0000000006120000,0x0000000006220000)]
=>0x000000000569a800 JavaThread "C2 CompilerThread1" daemon [_thread_in_native, id=5856, stack(0x0000000005fb0000,0x00000000060b0000)]
  0x0000000005696000 JavaThread "C2 CompilerThread0" daemon [_thread_blocked, id=6756, stack(0x0000000005c80000,0x0000000005d80000)]
  0x0000000005690000 JavaThread "Attach Listener" daemon [_thread_blocked, id=2800, stack(0x0000000005dd0000,0x0000000005ed0000)]
  0x000000000568d000 JavaThread "Signal Dispatcher" daemon [_thread_blocked, id=7352, stack(0x00000000057a0000,0x00000000058a0000)]
  0x000000000216c800 JavaThread "Finalizer" daemon [_thread_blocked, id=7176, stack(0x0000000005b00000,0x0000000005c00000)]
  0x000000000216a800 JavaThread "Reference Handler" daemon [_thread_blocked, id=8188, stack(0x0000000005a00000,0x0000000005b00000)]

Other Threads:
  0x0000000002162000 VMThread [stack: 0x00000000058e0000,0x00000000059e0000] [id=2804]
  0x00000000056a6800 WatcherThread [stack: 0x00000000063f0000,0x00000000064f0000] [id=5980]

VM state:not at safepoint (normal execution)

VM Mutex/Monitor currently owned by a thread: None

Heap
 def new generation   total 7296K, used 5221K [0x00000000e3200000, 0x00000000e39e0000, 0x00000000eb0a0000)
  eden space 6528K,  79% used [0x00000000e3200000, 0x00000000e37194b0, 0x00000000e3860000)
  from space 768K,   0% used [0x00000000e3860000, 0x00000000e3860000, 0x00000000e3920000)
  to   space 768K,   0% used [0x00000000e3920000, 0x00000000e3920000, 0x00000000e39e0000)
 tenured generation   total 16192K, used 0K [0x00000000eb0a0000, 0x00000000ec070000, 0x00000000fae00000)
   the space 16192K,   0% used [0x00000000eb0a0000, 0x00000000eb0a0000, 0x00000000eb0a0200, 0x00000000ec070000)
 compacting perm gen  total 21248K, used 9726K [0x00000000fae00000, 0x00000000fc2c0000, 0x0000000100000000)
   the space 21248K,  45% used [0x00000000fae00000, 0x00000000fb77fd48, 0x00000000fb77fe00, 0x00000000fc2c0000)
No shared spaces configured.

Card table byte_map: [0x0000000005480000,0x0000000005570000] byte_map_base: 0x0000000004d67000

Polling page: 0x0000000000430000

Code Cache  [0x0000000002480000, 0x00000000026f0000, 0x0000000005480000)
 total_blobs=406 nmethods=16 adapters=344 free_code_cache=48644Kb largest_free_block=49792448

Compilation events (10 events):
Event: 2.427 Thread 0x000000000569a800 nmethod 7 0x00000000024fd310 code [0x00000000024fd460, 0x00000000024fd618]
Event: 2.451 Thread 0x000000000569a800    8             java.lang.CharacterData::of (120 bytes)
Event: 2.452 Thread 0x000000000569a800 nmethod 8 0x00000000024fae10 code [0x00000000024faf60, 0x00000000024fb018]
Event: 2.452 Thread 0x000000000569a800    9             java.lang.CharacterDataLatin1::getProperties (11 bytes)
Event: 2.452 Thread 0x000000000569a800 nmethod 9 0x00000000024fabd0 code [0x00000000024fad00, 0x00000000024fad78]
Event: 2.452 Thread 0x000000000569a800   10             java.lang.Character::toLowerCase (9 bytes)
Event: 2.454 Thread 0x000000000569a800 nmethod 10 0x00000000024fa790 code [0x00000000024fa8e0, 0x00000000024faa18]
Event: 2.454 Thread 0x000000000569a800   11             java.lang.CharacterDataLatin1::toLowerCase (39 bytes)
Event: 2.454 Thread 0x000000000569a800 nmethod 11 0x00000000024fedd0 code [0x00000000024fef00, 0x00000000024fefb8]
Event: 2.454 Thread 0x000000000569a800   12             java.lang.String::toLowerCase (439 bytes)

GC Heap History (0 events):
No events

Deoptimization events (0 events):
No events

Internal exceptions (10 events):
Event: 1.065 Thread 0x0000000001d0d800 Threw 0x00000000e32916d0 at C:\re\jdk7u79\2331\hotspot\src\share\vm\prims\jvm.cpp:1304
Event: 1.065 Thread 0x0000000001d0d800 Threw 0x00000000e32917f8 at C:\re\jdk7u79\2331\hotspot\src\share\vm\prims\jvm.cpp:1304
Event: 1.126 Thread 0x0000000001d0d800 Threw 0x00000000e3297878 at C:\re\jdk7u79\2331\hotspot\src\share\vm\prims\jvm.cpp:1304
Event: 1.126 Thread 0x0000000001d0d800 Threw 0x00000000e32979a0 at C:\re\jdk7u79\2331\hotspot\src\share\vm\prims\jvm.cpp:1304
Event: 1.141 Thread 0x0000000001d0d800 Threw 0x00000000e3299d38 at C:\re\jdk7u79\2331\hotspot\src\share\vm\prims\jni.cpp:717
Event: 1.268 Thread 0x0000000001d0d800 Threw 0x00000000e32b69c0 at C:\re\jdk7u79\2331\hotspot\src\share\vm\prims\jni.cpp:717
Event: 1.668 Thread 0x0000000001d0d800 Threw 0x00000000e331e358 at C:\re\jdk7u79\2331\hotspot\src\share\vm\prims\jvm.cpp:1304
Event: 1.669 Thread 0x0000000001d0d800 Threw 0x00000000e331ffc0 at C:\re\jdk7u79\2331\hotspot\src\share\vm\prims\jvm.cpp:1304
Event: 1.679 Thread 0x0000000001d0d800 Threw 0x00000000e3324e80 at C:\re\jdk7u79\2331\hotspot\src\share\vm\prims\jvm.cpp:1304
Event: 1.680 Thread 0x0000000001d0d800 Threw 0x00000000e3326ae8 at C:\re\jdk7u79\2331\hotspot\src\share\vm\prims\jvm.cpp:1304

Events (10 events):
Event: 2.436 loading class 0x0000000006603a10
Event: 2.437 loading class 0x0000000006603a10 done
Event: 2.437 loading class 0x00000000065fd2d0
Event: 2.437 loading class 0x00000000065fd2d0 done
Event: 2.437 loading class 0x00000000021033b0
Event: 2.437 loading class 0x00000000021033b0 done
Event: 2.437 loading class 0x0000000002103370
Event: 2.437 loading class 0x00000000021032f0
Event: 2.437 loading class 0x00000000021032f0 done
Event: 2.437 loading class 0x0000000002103370 done


Dynamic libraries:
0x000000013fee0000 - 0x000000013ff13000 	C:\Program Files\Java\jdk1.7.0_79\bin\java.exe
0x0000000077ab0000 - 0x0000000077c59000 	C:\Windows\SYSTEM32\ntdll.dll
0x0000000077840000 - 0x000000007795f000 	C:\Windows\system32\kernel32.dll
0x000007fefe040000 - 0x000007fefe0ac000 	C:\Windows\system32\KERNELBASE.dll
0x000007feff870000 - 0x000007feff94b000 	C:\Windows\system32\ADVAPI32.dll
0x000007feffac0000 - 0x000007feffb5f000 	C:\Windows\system32\msvcrt.dll
0x000007feffc70000 - 0x000007feffc8f000 	C:\Windows\SYSTEM32\sechost.dll
0x000007feff530000 - 0x000007feff65d000 	C:\Windows\system32\RPCRT4.dll
0x00000000775e0000 - 0x00000000776da000 	C:\Windows\system32\USER32.dll
0x000007feff3e0000 - 0x000007feff447000 	C:\Windows\system32\GDI32.dll
0x000007fefe4c0000 - 0x000007fefe4ce000 	C:\Windows\system32\LPK.dll
0x000007feffcf0000 - 0x000007feffdb9000 	C:\Windows\system32\USP10.dll
0x000007fefc810000 - 0x000007fefca04000 	C:\Windows\WinSxS\amd64_microsoft.windows.common-controls_6595b64144ccf1df_6.0.7601.17514_none_fa396087175ac9ac\COMCTL32.dll
0x000007feffa40000 - 0x000007feffab1000 	C:\Windows\system32\SHLWAPI.dll
0x000007feff950000 - 0x000007feff97e000 	C:\Windows\system32\IMM32.DLL
0x000007feffb60000 - 0x000007feffc69000 	C:\Windows\system32\MSCTF.dll
0x0000000074290000 - 0x0000000074362000 	C:\Program Files\Java\jdk1.7.0_79\jre\bin\msvcr100.dll
0x000000006f8f0000 - 0x00000000700c5000 	C:\Program Files\Java\jdk1.7.0_79\jre\bin\server\jvm.dll
0x000007fefa380000 - 0x000007fefa389000 	C:\Windows\system32\WSOCK32.dll
0x000007feffc90000 - 0x000007feffcdd000 	C:\Windows\system32\WS2_32.dll
0x000007feffce0000 - 0x000007feffce8000 	C:\Windows\system32\NSI.dll
0x000007fefa610000 - 0x000007fefa64b000 	C:\Windows\system32\WINMM.dll
0x0000000077c80000 - 0x0000000077c87000 	C:\Windows\system32\PSAPI.DLL
0x0000000074220000 - 0x000000007422f000 	C:\Program Files\Java\jdk1.7.0_79\jre\bin\verify.dll
0x00000000741f0000 - 0x0000000074218000 	C:\Program Files\Java\jdk1.7.0_79\jre\bin\java.dll
0x00000000741d0000 - 0x00000000741e5000 	C:\Program Files\Java\jdk1.7.0_79\jre\bin\zip.dll
0x0000000073f90000 - 0x0000000074125000 	C:\Program Files\Java\jdk1.7.0_79\jre\bin\awt.dll
0x000007feff300000 - 0x000007feff3d7000 	C:\Windows\system32\OLEAUT32.dll
0x000007feff660000 - 0x000007feff863000 	C:\Windows\system32\ole32.dll
0x000007fefc200000 - 0x000007fefc218000 	C:\Windows\system32\DWMAPI.DLL
0x000007fefc630000 - 0x000007fefc686000 	C:\Windows\system32\uxtheme.dll
0x000007fefde40000 - 0x000007fefde4f000 	C:\Windows\system32\CRYPTBASE.dll
0x000007feee040000 - 0x000007feee23f000 	C:\Windows\system32\d3d9.dll
0x000007fefd020000 - 0x000007fefd02c000 	C:\Windows\system32\VERSION.dll
0x000007fefa700000 - 0x000007fefa707000 	C:\Windows\system32\d3d8thk.dll
0x0000000073860000 - 0x000000007393a000 	C:\Windows\system32\aticfx64.dll
0x000007fef6470000 - 0x000007fef647d000 	C:\Windows\system32\atiu9p64.dll
0x00000000708b0000 - 0x0000000070de7000 	C:\Windows\system32\atiumd64.dll
0x0000000070f40000 - 0x0000000071321000 	C:\Windows\system32\atiumd6a.dll
0x000007fefe570000 - 0x000007feff2f8000 	C:\Windows\system32\SHELL32.dll
0x0000000073f40000 - 0x0000000073f87000 	C:\Program Files\Java\jdk1.7.0_79\jre\bin\fontmanager.dll
0x000007feff9a0000 - 0x000007feffa39000 	C:\Windows\system32\CLBCatQ.DLL
0x000007fefc090000 - 0x000007fefc1ba000 	C:\Windows\system32\WindowsCodecs.dll
0x000007fefdde0000 - 0x000007fefde37000 	C:\Windows\system32\apphelp.dll
0x000007fef8ae0000 - 0x000007fef8b1c000 	C:\Users\hp\AppData\Local\Microsoft\SkyDrive\16.4.6013.0910\amd64\SkyDriveShell64.dll
0x000007fef8a30000 - 0x000007fef8ad7000 	C:\Users\hp\AppData\Local\Microsoft\SkyDrive\16.4.6013.0910\amd64\MSVCP110.dll
0x000007fef8960000 - 0x000007fef8a2e000 	C:\Users\hp\AppData\Local\Microsoft\SkyDrive\16.4.6013.0910\amd64\MSVCR110.dll
0x00000000776e0000 - 0x000000007783b000 	C:\Windows\system32\WININET.dll
0x0000000077c70000 - 0x0000000077c73000 	C:\Windows\system32\Normaliz.dll
0x00000000773d0000 - 0x00000000775e0000 	C:\Windows\system32\iertutil.dll
0x0000000077960000 - 0x0000000077aad000 	C:\Windows\system32\urlmon.dll
0x000007fef8870000 - 0x000007fef88a5000 	C:\Windows\system32\EhStorShell.dll
0x000007fefe2e0000 - 0x000007fefe4b7000 	C:\Windows\system32\SETUPAPI.dll
0x000007fefdfc0000 - 0x000007fefdff6000 	C:\Windows\system32\CFGMGR32.dll
0x000007fefe0b0000 - 0x000007fefe0ca000 	C:\Windows\system32\DEVOBJ.dll
0x000007fefc690000 - 0x000007fefc7bc000 	C:\Windows\system32\PROPSYS.dll
0x000007fef81f0000 - 0x000007fef8862000 	C:\PROGRA~1\MICROS~2\Office14\GROOVEEX.DLL
0x0000000073980000 - 0x0000000073a1d000 	C:\Windows\WinSxS\amd64_microsoft.vc90.crt_1fc8b3b9a1e18e3b_9.0.30729.4940_none_08e4299fa83d7e3c\MSVCR90.dll
0x00000000732c0000 - 0x0000000073393000 	C:\Windows\WinSxS\amd64_microsoft.vc90.crt_1fc8b3b9a1e18e3b_9.0.30729.4940_none_08e4299fa83d7e3c\MSVCP90.dll
0x0000000073950000 - 0x000000007397f000 	C:\Windows\WinSxS\amd64_microsoft.vc90.atl_1fc8b3b9a1e18e3b_9.0.30729.4148_none_0a1d2fcba76b3f00\ATL90.DLL
0x000007fef7ce0000 - 0x000007fef80ef000 	C:\PROGRA~1\COMMON~1\MICROS~1\OFFICE14\Cultures\office.odf
0x000007fef7470000 - 0x000007fef7cd4000 	C:\PROGRA~1\MICROS~2\Office14\1033\GrooveIntlResource.dll
0x000007fef7430000 - 0x000007fef7438000 	C:\Program Files (x86)\Internet Download Manager\IDMShellExt64.dll
0x000007fef7380000 - 0x000007fef7400000 	C:\Windows\system32\ntshrui.dll
0x000007fefd9f0000 - 0x000007fefda13000 	C:\Windows\system32\srvcli.dll
0x000007fef7370000 - 0x000007fef737f000 	C:\Windows\system32\cscapi.dll
0x000007fefa440000 - 0x000007fefa44b000 	C:\Windows\system32\slc.dll
0x00000000741b0000 - 0x00000000741ca000 	C:\Program Files\Java\jdk1.7.0_79\jre\bin\net.dll
0x000007fefd780000 - 0x000007fefd7d5000 	C:\Windows\system32\mswsock.dll
0x000007fefd770000 - 0x000007fefd777000 	C:\Windows\System32\wship6.dll
0x0000000074130000 - 0x0000000074141000 	C:\Program Files\Java\jdk1.7.0_79\jre\bin\nio.dll
0x0000000073ef0000 - 0x0000000073f31000 	C:\Program Files\Java\jdk1.7.0_79\jre\bin\t2k.dll

VM Arguments:
jvm_args: -Dfile.encoding=UTF-8 
java_command: empmanagement.EmpAttendance
Launcher Type: SUN_STANDARD

Environment Variables:
PATH=C:\Program Files\Java\jdk1.7.0_79\bin;
USERNAME=hp
OS=Windows_NT
PROCESSOR_IDENTIFIER=AMD64 Family 18 Model 1 Stepping 0, AuthenticAMD



---------------  S Y S T E M  ---------------

OS: Windows 7 , 64 bit Build 7601 Service Pack 1

CPU:total 2 (2 cores per cpu, 1 threads per core) family 18 model 1 stepping 0, cmov, cx8, fxsr, mmx, sse, sse2, sse3, popcnt, mmxext, 3dnowpref, lzcnt, sse4a, tsc, tscinvbit, tscinv

Memory: 4k page, physical 1549728k(138228k free), swap 6198912k(5184k free)

vm_info: Java HotSpot(TM) 64-Bit Server VM (24.79-b02) for windows-amd64 JRE (1.7.0_79-b15), built on Apr 10 2015 12:36:16 by "java_re" with unknown MS VC++:1600

time: Sat Dec 07 22:28:57 2019
elapsed time: 2 seconds

