20-Sep-2021 17:35:55.495 INFO [main] org.apache.catalina.startup.VersionLoggerListener.log Server version:        Apache Tomcat/8.0.15
20-Sep-2021 17:35:55.495 INFO [main] org.apache.catalina.startup.VersionLoggerListener.log Server built:          Nov 2 2014 19:25:20 UTC
20-Sep-2021 17:35:55.495 INFO [main] org.apache.catalina.startup.VersionLoggerListener.log Server number:         8.0.15.0
20-Sep-2021 17:35:55.495 INFO [main] org.apache.catalina.startup.VersionLoggerListener.log OS Name:               Windows 10
20-Sep-2021 17:35:55.495 INFO [main] org.apache.catalina.startup.VersionLoggerListener.log OS Version:            10.0
20-Sep-2021 17:35:55.495 INFO [main] org.apache.catalina.startup.VersionLoggerListener.log Architecture:          amd64
20-Sep-2021 17:35:55.495 INFO [main] org.apache.catalina.startup.VersionLoggerListener.log JAVA_HOME:             C:\Program Files\Java\jdk1.8.0_291\jre
20-Sep-2021 17:35:55.495 INFO [main] org.apache.catalina.startup.VersionLoggerListener.log JVM Version:           1.8.0_291-b10
20-Sep-2021 17:35:55.495 INFO [main] org.apache.catalina.startup.VersionLoggerListener.log JVM Vendor:            Oracle Corporation
20-Sep-2021 17:35:55.495 INFO [main] org.apache.catalina.startup.VersionLoggerListener.log CATALINA_BASE:         C:\apache-tomcat-8.0.15
20-Sep-2021 17:35:55.495 INFO [main] org.apache.catalina.startup.VersionLoggerListener.log CATALINA_HOME:         C:\apache-tomcat-8.0.15
20-Sep-2021 17:35:55.495 INFO [main] org.apache.catalina.startup.VersionLoggerListener.log Command line argument: -Djava.util.logging.config.file=C:\apache-tomcat-8.0.15\conf\logging.properties
20-Sep-2021 17:35:55.495 INFO [main] org.apache.catalina.startup.VersionLoggerListener.log Command line argument: -Djava.util.logging.manager=org.apache.juli.ClassLoaderLogManager
20-Sep-2021 17:35:55.495 INFO [main] org.apache.catalina.startup.VersionLoggerListener.log Command line argument: -Djava.endorsed.dirs=C:\apache-tomcat-8.0.15\endorsed
20-Sep-2021 17:35:55.495 INFO [main] org.apache.catalina.startup.VersionLoggerListener.log Command line argument: -Dcatalina.base=C:\apache-tomcat-8.0.15
20-Sep-2021 17:35:55.495 INFO [main] org.apache.catalina.startup.VersionLoggerListener.log Command line argument: -Dcatalina.home=C:\apache-tomcat-8.0.15
20-Sep-2021 17:35:55.495 INFO [main] org.apache.catalina.startup.VersionLoggerListener.log Command line argument: -Djava.io.tmpdir=C:\apache-tomcat-8.0.15\temp
20-Sep-2021 17:35:55.495 INFO [main] org.apache.catalina.core.AprLifecycleListener.lifecycleEvent Loaded APR based Apache Tomcat Native library 1.1.32 using APR version 1.5.1.
20-Sep-2021 17:35:55.495 INFO [main] org.apache.catalina.core.AprLifecycleListener.lifecycleEvent APR capabilities: IPv6 [true], sendfile [true], accept filters [false], random [true].
20-Sep-2021 17:35:55.838 INFO [main] org.apache.catalina.core.AprLifecycleListener.initializeSSL OpenSSL successfully initialized (OpenSSL 1.0.1j 15 Oct 2014)
20-Sep-2021 17:35:56.073 INFO [main] org.apache.coyote.AbstractProtocol.init Initializing ProtocolHandler ["http-apr-8080"]
20-Sep-2021 17:35:56.474 INFO [main] org.apache.coyote.AbstractProtocol.init Initializing ProtocolHandler ["ajp-apr-8009"]
20-Sep-2021 17:35:56.475 INFO [main] org.apache.catalina.startup.Catalina.load Initialization processed in 1431 ms
20-Sep-2021 17:35:56.560 INFO [main] org.apache.catalina.core.StandardService.startInternal Starting service Catalina
20-Sep-2021 17:35:56.560 INFO [main] org.apache.catalina.core.StandardEngine.startInternal Starting Servlet Engine: Apache Tomcat/8.0.15
20-Sep-2021 17:35:56.591 INFO [localhost-startStop-1] org.apache.catalina.startup.HostConfig.deployDirectory Deploying web application directory C:\apache-tomcat-8.0.15\webapps\docs
20-Sep-2021 17:35:57.138 INFO [localhost-startStop-1] org.apache.catalina.util.SessionIdGeneratorBase.createSecureRandom Creation of SecureRandom instance for session ID generation using [SHA1PRNG] took [282] milliseconds.
20-Sep-2021 17:35:57.169 INFO [localhost-startStop-1] org.apache.catalina.startup.HostConfig.deployDirectory Deployment of web application directory C:\apache-tomcat-8.0.15\webapps\docs has finished in 578 ms
20-Sep-2021 17:35:57.169 INFO [localhost-startStop-1] org.apache.catalina.startup.HostConfig.deployDirectory Deploying web application directory C:\apache-tomcat-8.0.15\webapps\examples
20-Sep-2021 17:35:57.741 INFO [localhost-startStop-1] org.apache.catalina.startup.HostConfig.deployDirectory Deployment of web application directory C:\apache-tomcat-8.0.15\webapps\examples has finished in 572 ms
20-Sep-2021 17:35:57.741 INFO [localhost-startStop-1] org.apache.catalina.startup.HostConfig.deployDirectory Deploying web application directory C:\apache-tomcat-8.0.15\webapps\host-manager
20-Sep-2021 17:35:57.773 INFO [localhost-startStop-1] org.apache.catalina.startup.HostConfig.deployDirectory Deployment of web application directory C:\apache-tomcat-8.0.15\webapps\host-manager has finished in 32 ms
20-Sep-2021 17:35:57.773 INFO [localhost-startStop-1] org.apache.catalina.startup.HostConfig.deployDirectory Deploying web application directory C:\apache-tomcat-8.0.15\webapps\manager
20-Sep-2021 17:35:57.804 INFO [localhost-startStop-1] org.apache.catalina.startup.HostConfig.deployDirectory Deployment of web application directory C:\apache-tomcat-8.0.15\webapps\manager has finished in 31 ms
20-Sep-2021 17:35:57.804 INFO [localhost-startStop-1] org.apache.catalina.startup.HostConfig.deployDirectory Deploying web application directory C:\apache-tomcat-8.0.15\webapps\ROOT
20-Sep-2021 17:35:57.835 INFO [localhost-startStop-1] org.apache.catalina.startup.HostConfig.deployDirectory Deployment of web application directory C:\apache-tomcat-8.0.15\webapps\ROOT has finished in 31 ms
20-Sep-2021 17:35:57.835 INFO [main] org.apache.coyote.AbstractProtocol.start Starting ProtocolHandler ["http-apr-8080"]
20-Sep-2021 17:35:57.835 INFO [main] org.apache.coyote.AbstractProtocol.start Starting ProtocolHandler ["ajp-apr-8009"]
20-Sep-2021 17:35:57.835 INFO [main] org.apache.catalina.startup.Catalina.start Server startup in 1370 ms
20-Sep-2021 17:35:58.272 INFO [http-apr-8080-exec-3] org.apache.catalina.startup.HostConfig.deployDescriptor Deploying configuration descriptor C:\apache-tomcat-8.0.15\conf\Catalina\localhost\WebApplication1.xml
20-Sep-2021 17:35:58.272 WARNING [http-apr-8080-exec-3] org.apache.catalina.startup.SetContextPropertiesRule.begin [SetContextPropertiesRule]{Context} Setting property 'antiJARLocking' to 'true' did not find a matching property.
20-Sep-2021 17:35:58.358 INFO [http-apr-8080-exec-3] org.apache.catalina.startup.HostConfig.deployDescriptor Deployment of configuration descriptor C:\apache-tomcat-8.0.15\conf\Catalina\localhost\WebApplication1.xml has finished in 86 ms
20-Sep-2021 17:35:58.364 INFO [http-apr-8080-exec-2] org.apache.catalina.util.LifecycleBase.start The start() method was called on component [StandardEngine[Catalina].StandardHost[localhost].StandardContext[/WebApplication1]] after start() had already been called. The second call will be ignored.
20-Sep-2021 17:45:06.636 INFO [main] org.apache.catalina.core.StandardServer.await A valid shutdown command was received via the shutdown port. Stopping the Server instance.
20-Sep-2021 17:45:06.636 INFO [main] org.apache.coyote.AbstractProtocol.pause Pausing ProtocolHandler ["http-apr-8080"]
20-Sep-2021 17:45:06.715 INFO [main] org.apache.coyote.AbstractProtocol.pause Pausing ProtocolHandler ["ajp-apr-8009"]
20-Sep-2021 17:45:06.777 INFO [main] org.apache.catalina.core.StandardService.stopInternal Stopping service Catalina
20-Sep-2021 17:45:06.824 INFO [main] org.apache.coyote.AbstractProtocol.stop Stopping ProtocolHandler ["http-apr-8080"]
20-Sep-2021 17:45:06.886 INFO [main] org.apache.coyote.AbstractProtocol.stop Stopping ProtocolHandler ["ajp-apr-8009"]
20-Sep-2021 17:45:06.949 INFO [main] org.apache.coyote.AbstractProtocol.destroy Destroying ProtocolHandler ["http-apr-8080"]
20-Sep-2021 17:45:06.949 INFO [main] org.apache.coyote.AbstractProtocol.destroy Destroying ProtocolHandler ["ajp-apr-8009"]
